root@riscv64:~# [    6.920000] init[1]: unhandled signal 11 code 0x30001 at 0x0000000000000000 in init.sysvinit[10000+2000]
[    6.920000] CPU: 0 PID: 1 Comm: init Not tainted 4.1.17-g174f395-dirty #11
[    6.920000] task: ffffffff97a48000 ti: ffffffff97a3a000 task.ti: ffffffff97a3a000
[    6.920000] sepc: 0000000000000000 ra : 0000000000017f68 sp : 0000003fffa79a40
[    6.920000]  gp : 0000000000011860 tp : 000000200016d700 t0 : 0000000000000000
[    6.920000]  t1 : 000000000001417c t2 : 0000002000167970 s0 : 0000003fffa79ae8
[    6.920000]  s1 : 0000003fffa79af0 a0 : 0000003fffa79a60 a1 : 0000003fffa79750
[    6.920000]  a2 : 0000000000000000 a3 : 0000000000000000 a4 : 0000000000000000
[    6.920000]  a5 : 0000000000000000 a6 : 0000002000167970 a7 : 0000000000000048
[    6.920000]  s2 : 0000000000010000 s3 : 0000000010000000 s4 : 0000000000014fa0
[    6.920000]  s5 : 0000000000011000 s6 : fffffffffffdffff s7 : ffffffffffffbfff
[    6.920000]  s8 : ffffffffefffffff s9 : 0000000000000000 s10: 000000000000002b
[    6.920000]  s11: 0000000000011000 t3 : 0000000000000000 t4 : 00000020001697b0
[    6.920000]  t5 : 0000000003091969 t6 : 0000000000011198
[    6.920000] sstatus: 8000000000003008 sbadaddr: 0000000000000000 scause: 0000000000000001
[    6.920000] init[1]: unhandled signal 11 code 0x30001 at 0x0000000000000000 in init.sysvinit[10000+2000]
[    6.920000] CPU: 0 PID: 1 Comm: init Not tainted 4.1.17-g174f395-dirty #11
[    6.920000] task: ffffffff97a48000 ti: ffffffff97a3a000 task.ti: ffffffff97a3a000
[    6.920000] sepc: 0000000000000000 ra : 0000000000015774 sp : 0000003fffa796d0
[    6.920000]  gp : 0000000000011860 tp : 000000200016d700 t0 : 0000000000000000
[    6.920000]  t1 : 00000000000143bc t2 : 0000002000167970 s0 : 0000003fffa79ae8
[    6.920000]  s1 : 0000003fffa79af0 a0 : 000000000000000b a1 : 0000003fffa79780
[    6.920000]  a2 : 0000003fffa79808 a3 : 0000000000000000 a4 : 0000000000000000
[    6.920000]  a5 : 0000000000000000 a6 : 0000002000167970 a7 : 0000000000000048
[    6.920000]  s2 : 0000000000010000 s3 : 0000000010000000 s4 : 0000000000014fa0
[    6.920000]  s5 : 0000000000011000 s6 : fffffffffffdffff s7 : ffffffffffffbfff
[    6.920000]  s8 : ffffffffefffffff s9 : 0000000000000000 s10: 000000000000002b
[    6.920000]  s11: 0000000000011000 t3 : 0000000000000000 t4 : 00000020001697b0
[    6.920000]  t5 : 0000000003091969 t6 : 0000000000011198
[    6.920000] sstatus: 8000000000003008 sbadaddr: 0000000000000000 scause: 0000000000000001
[    6.920000] Kernel panic - not syncing: Attempted to kill init! exitcode=0x0000000b
[    6.920000] 
[    6.920000] CPU: 0 PID: 1 Comm: init Not tainted 4.1.17-g174f395-dirty #11
[    6.920000] Call Trace:
[    6.920000] [<ffffffff80011f74>] walk_stackframe+0x0/0xc8
[    6.920000] [<ffffffff801d095c>] panic+0xb8/0x1d8
[    6.920000] [<ffffffff80016888>] do_exit+0x7e8/0x7ec
[    6.920000] [<ffffffff800168f4>] do_group_exit+0x2c/0x8c
[    6.920000] [<ffffffff8001f278>] get_signal+0x260/0x484
[    6.920000] [<ffffffff80011660>] do_signal+0x2c/0x2d0
[    6.920000] [<ffffffff8001e460>] force_sig_info+0x84/0x108
[    6.920000] [<ffffffff8001247c>] do_page_fault+0x22c/0x480
[    6.920000] [<ffffffff8000d0ac>] inet_init+0x48/0x290
[    6.920000] [<ffffffff80011ac0>] do_notify_resume+0x44/0x5c
[    6.920000] [<ffffffff80010be4>] ret_from_syscall+0x10/0x14
[    6.920000] ---[ end Kernel panic - not syncing: Attempted to kill init! exitcode=0x0000000b
[    6.920000] 
